<?xml version="1.0" encoding="UTF-8"?>
<testsuite name="ru.netology.test.MoneyTransferTest" tests="6" skipped="0" failures="0" errors="0" timestamp="2022-03-23T20:58:32" hostname="DESKTOP-SSEUBT9" time="20.486">
  <properties/>
  <testcase name="shouldCancelTransfer()" classname="ru.netology.test.MoneyTransferTest" time="6.889"/>
  <testcase name="shouldTopUpFirstCard()" classname="ru.netology.test.MoneyTransferTest" time="2.701"/>
  <testcase name="shouldGetBalanceCardFirst()" classname="ru.netology.test.MoneyTransferTest" time="2.506"/>
  <testcase name="shouldTopUpSecondCard()" classname="ru.netology.test.MoneyTransferTest" time="2.923"/>
  <testcase name="shouldCheckRefuse()" classname="ru.netology.test.MoneyTransferTest" time="2.534"/>
  <testcase name="shouldGetBalanceCardSecond()" classname="ru.netology.test.MoneyTransferTest" time="2.929"/>
  <system-out><![CDATA[]]></system-out>
  <system-err><![CDATA[SLF4J: Failed to load class "org.slf4j.impl.StaticLoggerBinder".
SLF4J: Defaulting to no-operation (NOP) logger implementation
SLF4J: See http://www.slf4j.org/codes.html#StaticLoggerBinder for further details.
Starting ChromeDriver 99.0.4844.51 (d537ec02474b5afe23684e7963d538896c63ac77-refs/branch-heads/4844@{#875}) on port 18873
Only local connections are allowed.
Please see https://chromedriver.chromium.org/security-considerations for suggestions on keeping ChromeDriver safe.
ChromeDriver was started successfully.
мар. 23, 2022 11:58:36 PM org.openqa.selenium.remote.ProtocolHandshake createSession
INFO: Detected dialect: W3C
]]></system-err>
</testsuite>
